Arguments: 
  C:\Program Files\nodejs\node.exe C:\Users\ashim\AppData\Roaming\npm\node_modules\yarn\bin\yarn.js add @mantine/core @mantine/hooks @mantine/form @mantine/dates dayjs @mantine/notifications @mantine/prism @mantine/rte @mantine/dropzone @mantine/carousel embla-carousel-react @mantine/spotlight @mantine/modals @mantine/nprogress @emotion/react

PATH: 
  C:\WINDOWS\system32;C:\WINDOWS;C:\WINDOWS\System32\Wbem;C:\WINDOWS\System32\WindowsPowerShell\v1.0\;C:\WINDOWS\System32\OpenSSH\;C:\Program Files\nodejs\;C:\Program Files\MongoDB\Tools\100\bin;C:\Program Files\Git\cmd;C:\Program Files (x86)\dotnet\;C:\Program Files (x86)\NVIDIA Corporation\PhysX\Common;C:\Program Files\NVIDIA Corporation\NVIDIA NvDLISR;C:\xampp\php;C:\Users\ashim\AppData\Local\Programs\Python\Python310\Scripts\;C:\Users\ashim\AppData\Local\Programs\Python\Python310\;C:\Users\ashim\AppData\Local\Microsoft\WindowsApps;C:\Users\ashim\AppData\Local\Programs\Microsoft VS Code\bin;C:\Users\ashim\AppData\Roaming\npm;C:\Program Files\MongoDB\Server\5.0\bin;C:\Users\ashim\AppData\Local\ComposerSetup\bin;C:\Users\ashim\AppData\Roaming\Composer\vendor\bin

Yarn version: 
  1.22.17

Node version: 
  14.18.0

Platform: 
  win32 x64

Trace: 
  Error: EPERM: operation not permitted, unlink 'D:\React Learning\CMS\frontend\node_modules\esbuild-windows-64\esbuild.exe'

npm manifest: 
  {
    "name": "frontend",
    "private": true,
    "version": "0.0.0",
    "type": "module",
    "scripts": {
      "dev": "vite",
      "build": "tsc && vite build",
      "preview": "vite preview"
    },
    "dependencies": {
      "axios": "^0.27.2",
      "react": "^18.2.0",
      "react-dom": "^18.2.0",
      "react-icons": "^4.4.0",
      "react-router-dom": "^6.4.0",
      "react-toastify": "^9.0.8"
    },
    "devDependencies": {
      "@types/react": "^18.0.17",
      "@types/react-dom": "^18.0.6",
      "@vitejs/plugin-react": "^2.1.0",
      "typescript": "^4.6.4",
      "vite": "^3.1.0"
    }
  }

yarn manifest: 
  No manifest

Lockfile: 
  No lockfile
